INFO: [VRFC 10-163] Analyzing VHDL file "C:/Xilinx/workspace/AEU_ip/AEU_ip.srcs/sources_1/imports/New folder/decision.vhd" into library xil_defaultlib
INFO: [VRFC 10-307] analyzing entity decision
ERROR: [VRFC 10-91] temp_a is not declared [C:/Xilinx/workspace/AEU_ip/AEU_ip.srcs/sources_1/imports/New folder/decision.vhd:48]
ERROR: [VRFC 10-91] temp_b is not declared [C:/Xilinx/workspace/AEU_ip/AEU_ip.srcs/sources_1/imports/New folder/decision.vhd:49]
ERROR: [VRFC 10-91] temp_a is not declared [C:/Xilinx/workspace/AEU_ip/AEU_ip.srcs/sources_1/imports/New folder/decision.vhd:54]
ERROR: [VRFC 10-91] temp_b is not declared [C:/Xilinx/workspace/AEU_ip/AEU_ip.srcs/sources_1/imports/New folder/decision.vhd:55]
ERROR: [VRFC 10-1464] type std_logic does not match with a string literal [C:/Xilinx/workspace/AEU_ip/AEU_ip.srcs/sources_1/imports/New folder/decision.vhd:56]
ERROR: [VRFC 10-397] cannot assign null waveform to non-guarded signal [C:/Xilinx/workspace/AEU_ip/AEU_ip.srcs/sources_1/imports/New folder/decision.vhd:57]
ERROR: [VRFC 10-397] cannot assign null waveform to non-guarded signal [C:/Xilinx/workspace/AEU_ip/AEU_ip.srcs/sources_1/imports/New folder/decision.vhd:58]
ERROR: [VRFC 10-91] temp_a is not declared [C:/Xilinx/workspace/AEU_ip/AEU_ip.srcs/sources_1/imports/New folder/decision.vhd:62]
ERROR: [VRFC 10-91] temp_b is not declared [C:/Xilinx/workspace/AEU_ip/AEU_ip.srcs/sources_1/imports/New folder/decision.vhd:63]
ERROR: [VRFC 10-1464] type std_logic does not match with a string literal [C:/Xilinx/workspace/AEU_ip/AEU_ip.srcs/sources_1/imports/New folder/decision.vhd:64]
ERROR: [VRFC 10-397] cannot assign null waveform to non-guarded signal [C:/Xilinx/workspace/AEU_ip/AEU_ip.srcs/sources_1/imports/New folder/decision.vhd:65]
ERROR: [VRFC 10-397] cannot assign null waveform to non-guarded signal [C:/Xilinx/workspace/AEU_ip/AEU_ip.srcs/sources_1/imports/New folder/decision.vhd:66]
ERROR: [VRFC 10-397] cannot assign null waveform to non-guarded signal [C:/Xilinx/workspace/AEU_ip/AEU_ip.srcs/sources_1/imports/New folder/decision.vhd:70]
ERROR: [VRFC 10-397] cannot assign null waveform to non-guarded signal [C:/Xilinx/workspace/AEU_ip/AEU_ip.srcs/sources_1/imports/New folder/decision.vhd:71]
ERROR: [VRFC 10-397] cannot assign null waveform to non-guarded signal [C:/Xilinx/workspace/AEU_ip/AEU_ip.srcs/sources_1/imports/New folder/decision.vhd:72]
ERROR: [VRFC 10-91] temp_a is not declared [C:/Xilinx/workspace/AEU_ip/AEU_ip.srcs/sources_1/imports/New folder/decision.vhd:73]
ERROR: [VRFC 10-91] temp_b is not declared [C:/Xilinx/workspace/AEU_ip/AEU_ip.srcs/sources_1/imports/New folder/decision.vhd:74]
ERROR: [VRFC 10-1464] type std_logic does not match with a string literal [C:/Xilinx/workspace/AEU_ip/AEU_ip.srcs/sources_1/imports/New folder/decision.vhd:79]
ERROR: [VRFC 10-146] a_out_add with mode 'out' cannot be read [C:/Xilinx/workspace/AEU_ip/AEU_ip.srcs/sources_1/imports/New folder/decision.vhd:45]
INFO: [#UNDEF] Sorry, too many errors..
